<?xml version="1.0" encoding="UTF-8"?>
<testng-results ignored="0" total="1" passed="1" failed="0" skipped="0">
  <reporter-output>
  </reporter-output>
  <suite started-at="2022-08-22T12:32:08 IST" name="Default suite" finished-at="2022-08-22T12:32:11 IST" duration-ms="2566">
    <groups>
    </groups>
    <test started-at="2022-08-22T12:32:08 IST" name="Default test" finished-at="2022-08-22T12:32:11 IST" duration-ms="2566">
      <class name="Testcases.LoginFacebookPOM">
        <test-method signature="LoginFacebookPOM()[pri:0, instance:Testcases.LoginFacebookPOM@429bffaa]" started-at="2022-08-22T12:32:08 IST" name="LoginFacebookPOM" finished-at="2022-08-22T12:32:11 IST" duration-ms="2546" status="PASS">
          <reporter-output>
          </reporter-output>
        </test-method> <!-- LoginFacebookPOM -->
      </class> <!-- Testcases.LoginFacebookPOM -->
    </test> <!-- Default test -->
  </suite> <!-- Default suite -->
</testng-results>
